  pch.cpp
  CapturePlugin.cpp
D:\VSTHost_App\Source\SharedMemoryHandler.h(12,11): warning C4200: nonstandard extension used: zero-sized array in struct/union
  (compiling source file '/CapturePlugin.cpp')
      D:\VSTHost_App\Source\SharedMemoryHandler.h(12,11):
      This member will be ignored by a defaulted constructor or copy/move assignment operator
  
  CapturePluginParams.cpp
  CapturePluginParams.h
  dllmain.cpp
  PluginExports.cpp
D:\VSTHost_App\Builds\WwiseVSTBridgePlugin\PluginExports.cpp(1,9): warning C4603: 'AK_DEFINE_GLOBALS': macro is not defined or definition is different after precompiled header use
  (compiling source file '/PluginExports.cpp')
      D:\VSTHost_App\Builds\WwiseVSTBridgePlugin\PluginExports.cpp(1,9):
      Add macro to precompiled header instead of defining here
      D:\VSTHost_App\Builds\WwiseVSTBridgePlugin\PluginExports.cpp(2,1):
      use of precompiled header
  
D:\VSTHost_App\Source\SharedMemoryHandler.h(12,11): warning C4200: nonstandard extension used: zero-sized array in struct/union
  (compiling source file '/PluginExports.cpp')
      D:\VSTHost_App\Source\SharedMemoryHandler.h(12,11):
      This member will be ignored by a defaulted constructor or copy/move assignment operator
  
x64\Release\CapturePluginParams.obj : warning LNK4042: object specified more than once; extras ignored
     Creating library D:\VSTHost_App\x64\Release\WwiseVSTBridgePlugin.lib and object D:\VSTHost_App\x64\Release\WwiseVSTBridgePlugin.exp
  Generating code
  Previous IPDB not found, fall back to full compilation.
  All 170 functions were compiled because no usable IPDB/IOBJ from previous compilation was found.
  Finished generating code
  WwiseVSTBridgePlugin.vcxproj -> D:\VSTHost_App\x64\Release\WwiseVSTBridgePlugin.dll
