d:\vsthost_app\builds\wwisevstbridgeplugin\x64\release\wwisevstbridgeplugin.pch
d:\vsthost_app\builds\wwisevstbridgeplugin\x64\release\vc143.pdb
d:\vsthost_app\builds\wwisevstbridgeplugin\x64\release\pch.obj
d:\vsthost_app\builds\wwisevstbridgeplugin\x64\release\pluginexports.obj
d:\vsthost_app\builds\wwisevstbridgeplugin\x64\release\dllmain.obj
d:\vsthost_app\builds\wwisevstbridgeplugin\x64\release\capturepluginparams.obj
d:\vsthost_app\builds\wwisevstbridgeplugin\x64\release\captureplugin.obj
d:\vsthost_app\x64\release\wwisevstbridgeplugin.dll
d:\vsthost_app\x64\release\wwisevstbridgeplugin.pdb
d:\vsthost_app\x64\release\wwisevstbridgeplugin.lib
d:\vsthost_app\x64\release\wwisevstbridgeplugin.exp
d:\vsthost_app\builds\wwisevstbridgeplugin\x64\release\wwisevstbridgeplugin.ipdb
d:\vsthost_app\builds\wwisevstbridgeplugin\x64\release\wwisevstbridgeplugin.iobj
d:\vsthost_app\builds\wwisevstbridgeplugin\x64\release\wwisevst.88f9ec08.tlog\cl.command.1.tlog
d:\vsthost_app\builds\wwisevstbridgeplugin\x64\release\wwisevst.88f9ec08.tlog\cl.items.tlog
d:\vsthost_app\builds\wwisevstbridgeplugin\x64\release\wwisevst.88f9ec08.tlog\cl.read.1.tlog
d:\vsthost_app\builds\wwisevstbridgeplugin\x64\release\wwisevst.88f9ec08.tlog\cl.write.1.tlog
d:\vsthost_app\builds\wwisevstbridgeplugin\x64\release\wwisevst.88f9ec08.tlog\link.command.1.tlog
d:\vsthost_app\builds\wwisevstbridgeplugin\x64\release\wwisevst.88f9ec08.tlog\link.read.1.tlog
d:\vsthost_app\builds\wwisevstbridgeplugin\x64\release\wwisevst.88f9ec08.tlog\link.secondary.1.tlog
d:\vsthost_app\builds\wwisevstbridgeplugin\x64\release\wwisevst.88f9ec08.tlog\link.write.1.tlog
