d:\vsthost_app\builds\wwisevstbridgeplugin\x64\debug\wwisevstbridgeplugin.pch
d:\vsthost_app\builds\wwisevstbridgeplugin\x64\debug\vc143.pdb
d:\vsthost_app\builds\wwisevstbridgeplugin\x64\debug\vc143.idb
d:\vsthost_app\builds\wwisevstbridgeplugin\x64\debug\pch.obj
d:\vsthost_app\builds\wwisevstbridgeplugin\x64\debug\pluginexports.obj
d:\vsthost_app\builds\wwisevstbridgeplugin\x64\debug\dllmain.obj
d:\vsthost_app\builds\wwisevstbridgeplugin\x64\debug\capturepluginparams.obj
d:\vsthost_app\builds\wwisevstbridgeplugin\x64\debug\captureplugin.obj
d:\vsthost_app\x64\debug\wwisevstbridgeplugin.pdb
d:\vsthost_app\builds\wwisevstbridgeplugin\x64\debug\wwisevst.88f9ec08.tlog\cl.command.1.tlog
d:\vsthost_app\builds\wwisevstbridgeplugin\x64\debug\wwisevst.88f9ec08.tlog\cl.read.1.tlog
d:\vsthost_app\builds\wwisevstbridgeplugin\x64\debug\wwisevst.88f9ec08.tlog\cl.write.1.tlog
d:\vsthost_app\builds\wwisevstbridgeplugin\x64\debug\wwisevst.88f9ec08.tlog\link-cvtres.read.1.tlog
d:\vsthost_app\builds\wwisevstbridgeplugin\x64\debug\wwisevst.88f9ec08.tlog\link-cvtres.write.1.tlog
d:\vsthost_app\builds\wwisevstbridgeplugin\x64\debug\wwisevst.88f9ec08.tlog\link-rc.read.1.tlog
d:\vsthost_app\builds\wwisevstbridgeplugin\x64\debug\wwisevst.88f9ec08.tlog\link-rc.write.1.tlog
d:\vsthost_app\builds\wwisevstbridgeplugin\x64\debug\wwisevst.88f9ec08.tlog\link.command.1.tlog
d:\vsthost_app\builds\wwisevstbridgeplugin\x64\debug\wwisevst.88f9ec08.tlog\link.delete.1.tlog
d:\vsthost_app\builds\wwisevstbridgeplugin\x64\debug\wwisevst.88f9ec08.tlog\link.read.1.tlog
d:\vsthost_app\builds\wwisevstbridgeplugin\x64\debug\wwisevst.88f9ec08.tlog\link.read.2.tlog
d:\vsthost_app\builds\wwisevstbridgeplugin\x64\debug\wwisevst.88f9ec08.tlog\link.write.1.tlog
